
     active environment : base
    active env location : /home/melih/anaconda3
            shell level : 1
       user config file : /home/melih/.condarc
 populated config files : 
          conda version : 4.10.1
    conda-build version : 3.18.11
         python version : 3.8.3.final.0
       virtual packages : __cuda=11.0=0
                          __linux=5.4.0=0
                          __glibc=2.27=0
                          __unix=0=0
                          __archspec=1=x86_64
       base environment : /home/melih/anaconda3  (writable)
      conda av data dir : /home/melih/anaconda3/etc/conda
  conda av metadata url : https://repo.anaconda.com/pkgs/main
           channel URLs : https://repo.anaconda.com/pkgs/main/linux-64
                          https://repo.anaconda.com/pkgs/main/noarch
                          https://repo.anaconda.com/pkgs/r/linux-64
                          https://repo.anaconda.com/pkgs/r/noarch
          package cache : /home/melih/anaconda3/pkgs
                          /home/melih/.conda/pkgs
       envs directories : /home/melih/anaconda3/envs
                          /home/melih/.conda/envs
               platform : linux-64
             user-agent : conda/4.10.1 requests/2.24.0 CPython/3.8.3 Linux/5.4.0-72-generic ubuntu/18.04.5 glibc/2.27
                UID:GID : 1006:1007
             netrc file : None
           offline mode : False

